\BOOKMARK [1][-]{section.1}{\376\377\000I\000n\000t\000r\000o\000d\000u\000c\000t\000i\000o\000n}{}% 1
\BOOKMARK [1][-]{section.2}{\376\377\000S\000c\000o\000p\000e\000\040\000a\000n\000d\000\040\000R\000e\000p\000o\000r\000t\000i\000n\000g\000\040\000U\000n\000i\000t\000s}{}% 2
\BOOKMARK [1][-]{section.3}{\376\377\000D\000e\000f\000i\000n\000i\000t\000i\000o\000n\000s\000,\000\040\000A\000b\000b\000r\000e\000v\000i\000a\000t\000i\000o\000n\000s\000,\000\040\000a\000n\000d\000\040\000N\000o\000t\000a\000t\000i\000o\000n}{}% 3
\BOOKMARK [2][-]{subsection.3.1}{\376\377\000C\000o\000r\000e\000\040\000T\000e\000r\000m\000i\000n\000o\000l\000o\000g\000y}{section.3}% 4
\BOOKMARK [2][-]{subsection.3.2}{\376\377\000A\000b\000b\000r\000e\000v\000i\000a\000t\000i\000o\000n\000s}{section.3}% 5
\BOOKMARK [2][-]{subsection.3.3}{\376\377\000N\000o\000t\000a\000t\000i\000o\000n}{section.3}% 6
\BOOKMARK [1][-]{section.4}{\376\377\000I\000m\000p\000l\000e\000m\000e\000n\000t\000e\000d\000\040\000C\000a\000l\000c\000u\000l\000a\000t\000i\000o\000n\000\040\000P\000i\000p\000e\000l\000i\000n\000e}{}% 7
\BOOKMARK [2][-]{subsection.4.1}{\376\377\000S\000t\000e\000p\000\040\0001\000:\000\040\000I\000n\000p\000u\000t\000\040\000C\000a\000p\000t\000u\000r\000e\000\040\000a\000n\000d\000\040\000N\000o\000r\000m\000a\000l\000i\000z\000a\000t\000i\000o\000n}{section.4}% 8
\BOOKMARK [2][-]{subsection.4.2}{\376\377\000S\000t\000e\000p\000\040\0002\000:\000\040\000E\000m\000i\000s\000s\000i\000o\000n\000\040\000F\000a\000c\000t\000o\000r\000\040\000R\000e\000s\000o\000l\000u\000t\000i\000o\000n}{section.4}% 9
\BOOKMARK [2][-]{subsection.4.3}{\376\377\000S\000t\000e\000p\000\040\0003\000:\000\040\000L\000i\000n\000e\000\040\000E\000m\000i\000s\000s\000i\000o\000n\000s\000\040\000a\000n\000d\000\040\000A\000g\000g\000r\000e\000g\000a\000t\000i\000o\000n}{section.4}% 10
\BOOKMARK [2][-]{subsection.4.4}{\376\377\000S\000t\000e\000p\000\040\0004\000:\000\040\000A\000n\000n\000u\000a\000l\000i\000z\000a\000t\000i\000o\000n\000\040\000a\000n\000d\000\040\000C\000a\000r\000b\000o\000n\000\040\000I\000n\000d\000e\000x}{section.4}% 11
\BOOKMARK [2][-]{subsection.4.5}{\376\377\000S\000t\000e\000p\000\040\0005\000:\000\040\000C\000l\000a\000s\000s\000-\000L\000e\000v\000e\000l\000\040\000B\000e\000n\000c\000h\000m\000a\000r\000k\000\040\000C\000o\000m\000p\000a\000r\000i\000s\000o\000n\000\040\000\050\000D\000a\000s\000h\000b\000o\000a\000r\000d\000\051}{section.4}% 12
\BOOKMARK [2][-]{subsection.4.6}{\376\377\000S\000t\000e\000p\000\040\0006\000:\000\040\000D\000e\000c\000r\000e\000a\000s\000e\000\040\000i\000n\000\040\000E\000m\000i\000s\000s\000i\000o\000n\000s\000\040\000C\000a\000l\000c\000u\000l\000a\000t\000i\000o\000n\000\040\000\050\000S\000c\000e\000n\000a\000r\000i\000o\000\040\000S\000i\000m\000u\000l\000a\000t\000o\000r\000\051}{section.4}% 13
\BOOKMARK [1][-]{section.5}{\376\377\000E\000m\000i\000s\000s\000i\000o\000n\000\040\000F\000a\000c\000t\000o\000r\000\040\000T\000a\000b\000l\000e}{}% 14
\BOOKMARK [1][-]{section.6}{\376\377\000C\000u\000s\000t\000o\000m\000\040\000F\000a\000c\000t\000o\000r\000\040\000D\000e\000r\000i\000v\000a\000t\000i\000o\000n\000\040\000M\000e\000t\000h\000o\000d\000s}{}% 15
\BOOKMARK [2][-]{subsection.6.1}{\376\377\000D\000i\000e\000t\000\040\000F\000a\000c\000t\000o\000r\000s}{section.6}% 16
\BOOKMARK [2][-]{subsection.6.2}{\376\377\000L\000P\000G\000\040\000F\000a\000c\000t\000o\000r}{section.6}% 17
\BOOKMARK [2][-]{subsection.6.3}{\376\377\000M\000e\000t\000r\000o}{section.6}% 18
\BOOKMARK [1][-]{section.7}{\376\377\000B\000e\000n\000c\000h\000m\000a\000r\000k\000\040\000D\000a\000t\000a\000s\000e\000t\000\040\000U\000s\000e\000d\000\040\000f\000o\000r\000\040\000I\000n\000d\000e\000x\000i\000n\000g}{}% 19
\BOOKMARK [1][-]{section.8}{\376\377\000L\000i\000m\000i\000t\000a\000t\000i\000o\000n\000s}{}% 20
